2018-04-25 15:29:24.692  INFO 11416 --- [main] stock.db.StockMyDbServiceApplication     : Starting StockMyDbServiceApplication on LTIBUK04935 with PID 11416 (D:\spring\workspace-sts-3.9.2.RELEASE\Stock-my-db-service\target\classes started by 381425 in D:\spring\workspace-sts-3.9.2.RELEASE\Stock-my-db-service)
2018-04-25 15:29:24.701  INFO 11416 --- [main] stock.db.StockMyDbServiceApplication     : No active profile set, falling back to default profiles: default
2018-04-25 15:29:24.866  INFO 11416 --- [main] ationConfigEmbeddedWebApplicationContext : Refreshing org.springframework.boot.context.embedded.AnnotationConfigEmbeddedWebApplicationContext@473b46c3: startup date [Wed Apr 25 15:29:24 BST 2018]; root of context hierarchy
2018-04-25 15:29:29.082  INFO 11416 --- [main] s.b.c.e.t.TomcatEmbeddedServletContainer : Tomcat initialized with port(s): 9090 (http)
2018-04-25 15:29:29.103  INFO 11416 --- [main] o.apache.catalina.core.StandardService   : Starting service [Tomcat]
2018-04-25 15:29:29.119  INFO 11416 --- [main] org.apache.catalina.core.StandardEngine  : Starting Servlet Engine: Apache Tomcat/8.5.16
2018-04-25 15:29:29.405  INFO 11416 --- [localhost-startStop-1] o.a.c.c.C.[Tomcat].[localhost].[/]       : Initializing Spring embedded WebApplicationContext
2018-04-25 15:29:29.405  INFO 11416 --- [localhost-startStop-1] o.s.web.context.ContextLoader            : Root WebApplicationContext: initialization completed in 4547 ms
2018-04-25 15:29:29.754  INFO 11416 --- [localhost-startStop-1] o.s.b.w.servlet.ServletRegistrationBean  : Mapping servlet: 'dispatcherServlet' to [/]
2018-04-25 15:29:29.758  INFO 11416 --- [localhost-startStop-1] o.s.b.w.servlet.ServletRegistrationBean  : Mapping servlet: 'webServlet' to [/h2-console/*]
2018-04-25 15:29:29.760  INFO 11416 --- [localhost-startStop-1] o.s.b.w.servlet.FilterRegistrationBean   : Mapping filter: 'characterEncodingFilter' to: [/*]
2018-04-25 15:29:29.760  INFO 11416 --- [localhost-startStop-1] o.s.b.w.servlet.FilterRegistrationBean   : Mapping filter: 'hiddenHttpMethodFilter' to: [/*]
2018-04-25 15:29:29.760  INFO 11416 --- [localhost-startStop-1] o.s.b.w.servlet.FilterRegistrationBean   : Mapping filter: 'httpPutFormContentFilter' to: [/*]
2018-04-25 15:29:29.760  INFO 11416 --- [localhost-startStop-1] o.s.b.w.servlet.FilterRegistrationBean   : Mapping filter: 'requestContextFilter' to: [/*]
2018-04-25 15:29:30.648  INFO 11416 --- [main] j.LocalContainerEntityManagerFactoryBean : Building JPA container EntityManagerFactory for persistence unit 'default'
2018-04-25 15:29:30.667  INFO 11416 --- [main] o.hibernate.jpa.internal.util.LogHelper  : HHH000204: Processing PersistenceUnitInfo [
	name: default
	...]
2018-04-25 15:29:30.848  INFO 11416 --- [main] org.hibernate.Version                    : HHH000412: Hibernate Core {5.0.12.Final}
2018-04-25 15:29:30.848  INFO 11416 --- [main] org.hibernate.cfg.Environment            : HHH000206: hibernate.properties not found
2018-04-25 15:29:30.848  INFO 11416 --- [main] org.hibernate.cfg.Environment            : HHH000021: Bytecode provider name : javassist
2018-04-25 15:29:30.948  INFO 11416 --- [main] o.hibernate.annotations.common.Version   : HCANN000001: Hibernate Commons Annotations {5.0.1.Final}
2018-04-25 15:29:31.196  INFO 11416 --- [main] org.hibernate.dialect.Dialect            : HHH000400: Using dialect: org.hibernate.dialect.H2Dialect
2018-04-25 15:29:31.889  INFO 11416 --- [main] org.hibernate.tool.hbm2ddl.SchemaExport  : HHH000227: Running hbm2ddl schema export
2018-04-25 15:29:31.897  INFO 11416 --- [main] org.hibernate.tool.hbm2ddl.SchemaExport  : HHH000230: Schema export complete
2018-04-25 15:29:31.944  INFO 11416 --- [main] j.LocalContainerEntityManagerFactoryBean : Initialized JPA EntityManagerFactory for persistence unit 'default'
2018-04-25 15:29:32.437  INFO 11416 --- [main] s.w.s.m.m.a.RequestMappingHandlerAdapter : Looking for @ControllerAdvice: org.springframework.boot.context.embedded.AnnotationConfigEmbeddedWebApplicationContext@473b46c3: startup date [Wed Apr 25 15:29:24 BST 2018]; root of context hierarchy
2018-04-25 15:29:32.647  INFO 11416 --- [main] s.w.s.m.m.a.RequestMappingHandlerMapping : Mapped "{[/error]}" onto public org.springframework.http.ResponseEntity<java.util.Map<java.lang.String, java.lang.Object>> org.springframework.boot.autoconfigure.web.BasicErrorController.error(javax.servlet.http.HttpServletRequest)
2018-04-25 15:29:32.650  INFO 11416 --- [main] s.w.s.m.m.a.RequestMappingHandlerMapping : Mapped "{[/error],produces=[text/html]}" onto public org.springframework.web.servlet.ModelAndView org.springframework.boot.autoconfigure.web.BasicErrorController.errorHtml(javax.servlet.http.HttpServletRequest,javax.servlet.http.HttpServletResponse)
2018-04-25 15:29:32.714  INFO 11416 --- [main] o.s.w.s.handler.SimpleUrlHandlerMapping  : Mapped URL path [/webjars/**] onto handler of type [class org.springframework.web.servlet.resource.ResourceHttpRequestHandler]
2018-04-25 15:29:32.715  INFO 11416 --- [main] o.s.w.s.handler.SimpleUrlHandlerMapping  : Mapped URL path [/**] onto handler of type [class org.springframework.web.servlet.resource.ResourceHttpRequestHandler]
2018-04-25 15:29:32.817  INFO 11416 --- [main] o.s.w.s.handler.SimpleUrlHandlerMapping  : Mapped URL path [/**/favicon.ico] onto handler of type [class org.springframework.web.servlet.resource.ResourceHttpRequestHandler]
2018-04-25 15:29:33.386  INFO 11416 --- [main] o.s.j.e.a.AnnotationMBeanExporter        : Registering beans for JMX exposure on startup
2018-04-25 15:29:33.644  INFO 11416 --- [main] s.b.c.e.t.TomcatEmbeddedServletContainer : Tomcat started on port(s): 9090 (http)
2018-04-25 15:29:33.657  INFO 11416 --- [main] stock.db.StockMyDbServiceApplication     : Started StockMyDbServiceApplication in 9.857 seconds (JVM running for 11.204)
2018-04-25 15:29:50.763  INFO 11416 --- [http-nio-9090-exec-3] o.a.c.c.C.[Tomcat].[localhost].[/]       : Initializing Spring FrameworkServlet 'dispatcherServlet'
2018-04-25 15:29:50.764  INFO 11416 --- [http-nio-9090-exec-3] o.s.web.servlet.DispatcherServlet        : FrameworkServlet 'dispatcherServlet': initialization started
2018-04-25 15:29:50.814  INFO 11416 --- [http-nio-9090-exec-3] o.s.web.servlet.DispatcherServlet        : FrameworkServlet 'dispatcherServlet': initialization completed in 49 ms
